Build started 2/25/2013 11:34:52 PM.
     1>Project "C:\Users\Kevin\Documents\Visual Studio 2012\Projects\playground\playground\playground.vcxproj" on node 2 (Build target(s)).
     1>ClCompile:
         C:\Program Files (x86)\Microsoft Visual Studio 11.0\VC\bin\CL.exe /c /I"C:\OpenGL libraries\include\\" /ZI /nologo /W3 /WX- /Od /Oy- /D WIN32 /D _DEBUG /D _CONSOLE /D _UNICODE /D UNICODE /Gm /EHsc /RTC1 /MDd /GS /fp:precise /Zc:wchar_t /Zc:forScope /Yu"stdafx.h" /Fp"Debug\playground.pch" /Fo"Debug\\" /Fd"Debug\vc110.pdb" /Gd /TP /analyze- /errorReport:prompt playground.cpp
         playground.cpp
     1>c:\users\kevin\documents\visual studio 2012\projects\playground\playground\playground.cpp(41): warning C4244: '+=' : conversion from 'double' to 'float', possible loss of data
     1>c:\users\kevin\documents\visual studio 2012\projects\playground\playground\playground.cpp(45): warning C4244: '-=' : conversion from 'double' to 'float', possible loss of data
     1>c:\users\kevin\documents\visual studio 2012\projects\playground\playground\playground.cpp(52): warning C4244: 'argument' : conversion from 'float' to 'int', possible loss of data
     1>c:\users\kevin\documents\visual studio 2012\projects\playground\playground\playground.cpp(55): warning C4244: 'argument' : conversion from 'float' to 'int', possible loss of data
     1>c:\users\kevin\documents\visual studio 2012\projects\playground\playground\playground.cpp(58): warning C4244: 'argument' : conversion from 'float' to 'int', possible loss of data
       Link:
         C:\Program Files (x86)\Microsoft Visual Studio 11.0\VC\bin\link.exe /ERRORREPORT:PROMPT /OUT:"C:\Users\Kevin\Documents\Visual Studio 2012\Projects\playground\Debug\playground.exe" /INCREMENTAL /NOLOGO /LIBPATH:"C:\OpenGL libraries\libs\\" opengl32.lib glew32.lib GLFW.lib SOIL.lib kernel32.lib user32.lib gdi32.lib winspool.lib comdlg32.lib advapi32.lib shell32.lib ole32.lib oleaut32.lib uuid.lib odbc32.lib odbccp32.lib /MANIFEST /MANIFESTUAC:"level='asInvoker' uiAccess='false'" /manifest:embed /DEBUG /PDB:"C:\Users\Kevin\Documents\Visual Studio 2012\Projects\playground\Debug\playground.pdb" /SUBSYSTEM:CONSOLE /TLBID:1 /DYNAMICBASE /NXCOMPAT /IMPLIB:"C:\Users\Kevin\Documents\Visual Studio 2012\Projects\playground\Debug\playground.lib" /MACHINE:X86 Debug\FZApp.obj
         Debug\playground.obj
         Debug\Renderer2D.obj
         Debug\Resource.obj
         Debug\ResourceManager.obj
         Debug\ShaderProgram.obj
         Debug\stdafx.obj
     1>LINK : warning LNK4098: defaultlib 'MSVCRT' conflicts with use of other libs; use /NODEFAULTLIB:library
     1>GLFW.lib(enable.obj) : warning LNK4099: PDB 'vc110.pdb' was not found with 'GLFW.lib(enable.obj)' or at 'C:\Users\Kevin\Documents\Visual Studio 2012\Projects\playground\Debug\vc110.pdb'; linking object as if no debug info
     1>GLFW.lib(glext.obj) : warning LNK4099: PDB 'vc110.pdb' was not found with 'GLFW.lib(glext.obj)' or at 'C:\Users\Kevin\Documents\Visual Studio 2012\Projects\playground\Debug\vc110.pdb'; linking object as if no debug info
     1>GLFW.lib(init.obj) : warning LNK4099: PDB 'vc110.pdb' was not found with 'GLFW.lib(init.obj)' or at 'C:\Users\Kevin\Documents\Visual Studio 2012\Projects\playground\Debug\vc110.pdb'; linking object as if no debug info
     1>GLFW.lib(input.obj) : warning LNK4099: PDB 'vc110.pdb' was not found with 'GLFW.lib(input.obj)' or at 'C:\Users\Kevin\Documents\Visual Studio 2012\Projects\playground\Debug\vc110.pdb'; linking object as if no debug info
     1>GLFW.lib(time.obj) : warning LNK4099: PDB 'vc110.pdb' was not found with 'GLFW.lib(time.obj)' or at 'C:\Users\Kevin\Documents\Visual Studio 2012\Projects\playground\Debug\vc110.pdb'; linking object as if no debug info
     1>GLFW.lib(win32_enable.obj) : warning LNK4099: PDB 'vc110.pdb' was not found with 'GLFW.lib(win32_enable.obj)' or at 'C:\Users\Kevin\Documents\Visual Studio 2012\Projects\playground\Debug\vc110.pdb'; linking object as if no debug info
     1>GLFW.lib(win32_fullscreen.obj) : warning LNK4099: PDB 'vc110.pdb' was not found with 'GLFW.lib(win32_fullscreen.obj)' or at 'C:\Users\Kevin\Documents\Visual Studio 2012\Projects\playground\Debug\vc110.pdb'; linking object as if no debug info
     1>GLFW.lib(win32_glext.obj) : warning LNK4099: PDB 'vc110.pdb' was not found with 'GLFW.lib(win32_glext.obj)' or at 'C:\Users\Kevin\Documents\Visual Studio 2012\Projects\playground\Debug\vc110.pdb'; linking object as if no debug info
     1>GLFW.lib(win32_init.obj) : warning LNK4099: PDB 'vc110.pdb' was not found with 'GLFW.lib(win32_init.obj)' or at 'C:\Users\Kevin\Documents\Visual Studio 2012\Projects\playground\Debug\vc110.pdb'; linking object as if no debug info
     1>GLFW.lib(win32_time.obj) : warning LNK4099: PDB 'vc110.pdb' was not found with 'GLFW.lib(win32_time.obj)' or at 'C:\Users\Kevin\Documents\Visual Studio 2012\Projects\playground\Debug\vc110.pdb'; linking object as if no debug info
     1>GLFW.lib(win32_window.obj) : warning LNK4099: PDB 'vc110.pdb' was not found with 'GLFW.lib(win32_window.obj)' or at 'C:\Users\Kevin\Documents\Visual Studio 2012\Projects\playground\Debug\vc110.pdb'; linking object as if no debug info
     1>GLFW.lib(window.obj) : warning LNK4099: PDB 'vc110.pdb' was not found with 'GLFW.lib(window.obj)' or at 'C:\Users\Kevin\Documents\Visual Studio 2012\Projects\playground\Debug\vc110.pdb'; linking object as if no debug info
     1>SOIL.lib(image_DXT.obj) : warning LNK4099: PDB 'vc110.pdb' was not found with 'SOIL.lib(image_DXT.obj)' or at 'C:\Users\Kevin\Documents\Visual Studio 2012\Projects\playground\Debug\vc110.pdb'; linking object as if no debug info
     1>SOIL.lib(image_helper.obj) : warning LNK4099: PDB 'vc110.pdb' was not found with 'SOIL.lib(image_helper.obj)' or at 'C:\Users\Kevin\Documents\Visual Studio 2012\Projects\playground\Debug\vc110.pdb'; linking object as if no debug info
     1>SOIL.lib(SOIL.obj) : warning LNK4099: PDB 'vc110.pdb' was not found with 'SOIL.lib(SOIL.obj)' or at 'C:\Users\Kevin\Documents\Visual Studio 2012\Projects\playground\Debug\vc110.pdb'; linking object as if no debug info
     1>SOIL.lib(stb_image_aug.obj) : warning LNK4099: PDB 'vc110.pdb' was not found with 'SOIL.lib(stb_image_aug.obj)' or at 'C:\Users\Kevin\Documents\Visual Studio 2012\Projects\playground\Debug\vc110.pdb'; linking object as if no debug info
         playground.vcxproj -> C:\Users\Kevin\Documents\Visual Studio 2012\Projects\playground\Debug\playground.exe
     1>Done Building Project "C:\Users\Kevin\Documents\Visual Studio 2012\Projects\playground\playground\playground.vcxproj" (Build target(s)).

Build succeeded.

Time Elapsed 00:00:00.51
