C:\USERS\KEVIN\DOCUMENTS\VISUAL STUDIO 2012\PROJECTS\PLAYGROUND\PLAYGROUND\DEBUG\PLAYGROUND.PCH
C:\USERS\KEVIN\DOCUMENTS\VISUAL STUDIO 2012\PROJECTS\PLAYGROUND\PLAYGROUND\DEBUG\STDAFX.OBJ
C:\USERS\KEVIN\DOCUMENTS\VISUAL STUDIO 2012\PROJECTS\PLAYGROUND\PLAYGROUND\DEBUG\VC110.PDB
C:\USERS\KEVIN\DOCUMENTS\VISUAL STUDIO 2012\PROJECTS\PLAYGROUND\PLAYGROUND\DEBUG\PLAYGROUND.OBJ
C:\USERS\KEVIN\DOCUMENTS\VISUAL STUDIO 2012\PROJECTS\PLAYGROUND\PLAYGROUND\DEBUG\SHADERPROGRAM.OBJ
C:\USERS\KEVIN\DOCUMENTS\VISUAL STUDIO 2012\PROJECTS\PLAYGROUND\PLAYGROUND\DEBUG\TEXTURE.OBJ
C:\USERS\KEVIN\DOCUMENTS\VISUAL STUDIO 2012\PROJECTS\PLAYGROUND\PLAYGROUND\DEBUG\TRANSFORM.OBJ
C:\USERS\KEVIN\DOCUMENTS\VISUAL STUDIO 2012\PROJECTS\PLAYGROUND\PLAYGROUND\DEBUG\RENDERER.OBJ
C:\USERS\KEVIN\DOCUMENTS\VISUAL STUDIO 2012\PROJECTS\PLAYGROUND\PLAYGROUND\DEBUG\RENDERER2D.OBJ
C:\USERS\KEVIN\DOCUMENTS\VISUAL STUDIO 2012\PROJECTS\PLAYGROUND\PLAYGROUND\DEBUG\VERTEX.OBJ
C:\USERS\KEVIN\DOCUMENTS\VISUAL STUDIO 2012\PROJECTS\PLAYGROUND\PLAYGROUND\DEBUG\RESHANDLE.OBJ
C:\USERS\KEVIN\DOCUMENTS\VISUAL STUDIO 2012\PROJECTS\PLAYGROUND\PLAYGROUND\DEBUG\RESOURCE.OBJ
C:\USERS\KEVIN\DOCUMENTS\VISUAL STUDIO 2012\PROJECTS\PLAYGROUND\PLAYGROUND\DEBUG\RESOURCEMANAGER.OBJ
C:\USERS\KEVIN\DOCUMENTS\VISUAL STUDIO 2012\PROJECTS\PLAYGROUND\DEBUG\PLAYGROUND.ILK
C:\USERS\KEVIN\DOCUMENTS\VISUAL STUDIO 2012\PROJECTS\PLAYGROUND\DEBUG\PLAYGROUND.EXE
C:\USERS\KEVIN\DOCUMENTS\VISUAL STUDIO 2012\PROJECTS\PLAYGROUND\DEBUG\PLAYGROUND.PDB
C:\Users\Kevin\Documents\Visual Studio 2012\Projects\playground\playground\Debug\playground.obj
C:\Users\Kevin\Documents\Visual Studio 2012\Projects\playground\playground\Debug\Renderer.obj
C:\Users\Kevin\Documents\Visual Studio 2012\Projects\playground\playground\Debug\Renderer2D.obj
C:\Users\Kevin\Documents\Visual Studio 2012\Projects\playground\playground\Debug\ResHandle.obj
C:\Users\Kevin\Documents\Visual Studio 2012\Projects\playground\playground\Debug\Resource.obj
C:\Users\Kevin\Documents\Visual Studio 2012\Projects\playground\playground\Debug\ShaderProgram.obj
C:\Users\Kevin\Documents\Visual Studio 2012\Projects\playground\playground\Debug\stdafx.obj
C:\Users\Kevin\Documents\Visual Studio 2012\Projects\playground\playground\Debug\Texture.obj
C:\Users\Kevin\Documents\Visual Studio 2012\Projects\playground\playground\Debug\Transform.obj
C:\Users\Kevin\Documents\Visual Studio 2012\Projects\playground\playground\Debug\Vertex.obj
C:\Users\Kevin\Documents\Visual Studio 2012\Projects\playground\playground\Debug\cl.command.1.tlog
C:\Users\Kevin\Documents\Visual Studio 2012\Projects\playground\playground\Debug\CL.read.1.tlog
C:\Users\Kevin\Documents\Visual Studio 2012\Projects\playground\playground\Debug\CL.write.1.tlog
C:\Users\Kevin\Documents\Visual Studio 2012\Projects\playground\playground\Debug\FXC.command.1.tlog
C:\Users\Kevin\Documents\Visual Studio 2012\Projects\playground\playground\Debug\fxc.read.1.tlog
C:\Users\Kevin\Documents\Visual Studio 2012\Projects\playground\playground\Debug\FXC.write.1.tlog
C:\Users\Kevin\Documents\Visual Studio 2012\Projects\playground\playground\Debug\link-cvtres.read.1.tlog
C:\Users\Kevin\Documents\Visual Studio 2012\Projects\playground\playground\Debug\link-cvtres.write.1.tlog
C:\Users\Kevin\Documents\Visual Studio 2012\Projects\playground\playground\Debug\link-rc.read.1.tlog
C:\Users\Kevin\Documents\Visual Studio 2012\Projects\playground\playground\Debug\link-rc.write.1.tlog
C:\Users\Kevin\Documents\Visual Studio 2012\Projects\playground\playground\Debug\link.1196-cvtres.read.1.tlog
C:\Users\Kevin\Documents\Visual Studio 2012\Projects\playground\playground\Debug\link.1196-cvtres.write.1.tlog
C:\Users\Kevin\Documents\Visual Studio 2012\Projects\playground\playground\Debug\link.1196-rc.read.1.tlog
C:\Users\Kevin\Documents\Visual Studio 2012\Projects\playground\playground\Debug\link.1196-rc.write.1.tlog
C:\Users\Kevin\Documents\Visual Studio 2012\Projects\playground\playground\Debug\link.1196.read.1.tlog
C:\Users\Kevin\Documents\Visual Studio 2012\Projects\playground\playground\Debug\link.1196.write.1.tlog
C:\Users\Kevin\Documents\Visual Studio 2012\Projects\playground\playground\Debug\link.2172-cvtres.read.1.tlog
C:\Users\Kevin\Documents\Visual Studio 2012\Projects\playground\playground\Debug\link.2172-cvtres.write.1.tlog
C:\Users\Kevin\Documents\Visual Studio 2012\Projects\playground\playground\Debug\link.2172-rc.read.1.tlog
C:\Users\Kevin\Documents\Visual Studio 2012\Projects\playground\playground\Debug\link.2172-rc.write.1.tlog
C:\Users\Kevin\Documents\Visual Studio 2012\Projects\playground\playground\Debug\link.2172.read.1.tlog
C:\Users\Kevin\Documents\Visual Studio 2012\Projects\playground\playground\Debug\link.2172.write.1.tlog
C:\Users\Kevin\Documents\Visual Studio 2012\Projects\playground\playground\Debug\link.2824-cvtres.read.1.tlog
C:\Users\Kevin\Documents\Visual Studio 2012\Projects\playground\playground\Debug\link.2824-cvtres.write.1.tlog
C:\Users\Kevin\Documents\Visual Studio 2012\Projects\playground\playground\Debug\link.2824-rc.read.1.tlog
C:\Users\Kevin\Documents\Visual Studio 2012\Projects\playground\playground\Debug\link.2824-rc.write.1.tlog
C:\Users\Kevin\Documents\Visual Studio 2012\Projects\playground\playground\Debug\link.2824.read.1.tlog
C:\Users\Kevin\Documents\Visual Studio 2012\Projects\playground\playground\Debug\link.2824.write.1.tlog
C:\Users\Kevin\Documents\Visual Studio 2012\Projects\playground\playground\Debug\link.2888-cvtres.read.1.tlog
C:\Users\Kevin\Documents\Visual Studio 2012\Projects\playground\playground\Debug\link.2888-cvtres.write.1.tlog
C:\Users\Kevin\Documents\Visual Studio 2012\Projects\playground\playground\Debug\link.2888-rc.read.1.tlog
C:\Users\Kevin\Documents\Visual Studio 2012\Projects\playground\playground\Debug\link.2888-rc.write.1.tlog
C:\Users\Kevin\Documents\Visual Studio 2012\Projects\playground\playground\Debug\link.2888.read.1.tlog
C:\Users\Kevin\Documents\Visual Studio 2012\Projects\playground\playground\Debug\link.2888.write.1.tlog
C:\Users\Kevin\Documents\Visual Studio 2012\Projects\playground\playground\Debug\link.3168-cvtres.read.1.tlog
C:\Users\Kevin\Documents\Visual Studio 2012\Projects\playground\playground\Debug\link.3168-cvtres.write.1.tlog
C:\Users\Kevin\Documents\Visual Studio 2012\Projects\playground\playground\Debug\link.3168-rc.read.1.tlog
C:\Users\Kevin\Documents\Visual Studio 2012\Projects\playground\playground\Debug\link.3168-rc.write.1.tlog
C:\Users\Kevin\Documents\Visual Studio 2012\Projects\playground\playground\Debug\link.3168.read.1.tlog
C:\Users\Kevin\Documents\Visual Studio 2012\Projects\playground\playground\Debug\link.3168.write.1.tlog
C:\Users\Kevin\Documents\Visual Studio 2012\Projects\playground\playground\Debug\link.3224-cvtres.read.1.tlog
C:\Users\Kevin\Documents\Visual Studio 2012\Projects\playground\playground\Debug\link.3224-cvtres.write.1.tlog
C:\Users\Kevin\Documents\Visual Studio 2012\Projects\playground\playground\Debug\link.3224-rc.read.1.tlog
C:\Users\Kevin\Documents\Visual Studio 2012\Projects\playground\playground\Debug\link.3224-rc.write.1.tlog
C:\Users\Kevin\Documents\Visual Studio 2012\Projects\playground\playground\Debug\link.3224.read.1.tlog
C:\Users\Kevin\Documents\Visual Studio 2012\Projects\playground\playground\Debug\link.3224.write.1.tlog
C:\Users\Kevin\Documents\Visual Studio 2012\Projects\playground\playground\Debug\link.3292-cvtres.read.1.tlog
C:\Users\Kevin\Documents\Visual Studio 2012\Projects\playground\playground\Debug\link.3292-cvtres.write.1.tlog
C:\Users\Kevin\Documents\Visual Studio 2012\Projects\playground\playground\Debug\link.3292-rc.read.1.tlog
C:\Users\Kevin\Documents\Visual Studio 2012\Projects\playground\playground\Debug\link.3292-rc.write.1.tlog
C:\Users\Kevin\Documents\Visual Studio 2012\Projects\playground\playground\Debug\link.3292.read.1.tlog
C:\Users\Kevin\Documents\Visual Studio 2012\Projects\playground\playground\Debug\link.3292.write.1.tlog
C:\Users\Kevin\Documents\Visual Studio 2012\Projects\playground\playground\Debug\link.4016-cvtres.read.1.tlog
C:\Users\Kevin\Documents\Visual Studio 2012\Projects\playground\playground\Debug\link.4016-cvtres.write.1.tlog
C:\Users\Kevin\Documents\Visual Studio 2012\Projects\playground\playground\Debug\link.4016-rc.read.1.tlog
C:\Users\Kevin\Documents\Visual Studio 2012\Projects\playground\playground\Debug\link.4016-rc.write.1.tlog
C:\Users\Kevin\Documents\Visual Studio 2012\Projects\playground\playground\Debug\link.4016.read.1.tlog
C:\Users\Kevin\Documents\Visual Studio 2012\Projects\playground\playground\Debug\link.4016.write.1.tlog
C:\Users\Kevin\Documents\Visual Studio 2012\Projects\playground\playground\Debug\link.4212-cvtres.read.1.tlog
C:\Users\Kevin\Documents\Visual Studio 2012\Projects\playground\playground\Debug\link.4212-cvtres.write.1.tlog
C:\Users\Kevin\Documents\Visual Studio 2012\Projects\playground\playground\Debug\link.4212-rc.read.1.tlog
C:\Users\Kevin\Documents\Visual Studio 2012\Projects\playground\playground\Debug\link.4212-rc.write.1.tlog
C:\Users\Kevin\Documents\Visual Studio 2012\Projects\playground\playground\Debug\link.4212.read.1.tlog
C:\Users\Kevin\Documents\Visual Studio 2012\Projects\playground\playground\Debug\link.4212.write.1.tlog
C:\Users\Kevin\Documents\Visual Studio 2012\Projects\playground\playground\Debug\link.4468-cvtres.read.1.tlog
C:\Users\Kevin\Documents\Visual Studio 2012\Projects\playground\playground\Debug\link.4468-cvtres.write.1.tlog
C:\Users\Kevin\Documents\Visual Studio 2012\Projects\playground\playground\Debug\link.4468-rc.read.1.tlog
C:\Users\Kevin\Documents\Visual Studio 2012\Projects\playground\playground\Debug\link.4468-rc.write.1.tlog
C:\Users\Kevin\Documents\Visual Studio 2012\Projects\playground\playground\Debug\link.4468.read.1.tlog
C:\Users\Kevin\Documents\Visual Studio 2012\Projects\playground\playground\Debug\link.4468.write.1.tlog
C:\Users\Kevin\Documents\Visual Studio 2012\Projects\playground\playground\Debug\link.456-cvtres.read.1.tlog
C:\Users\Kevin\Documents\Visual Studio 2012\Projects\playground\playground\Debug\link.456-cvtres.write.1.tlog
C:\Users\Kevin\Documents\Visual Studio 2012\Projects\playground\playground\Debug\link.456-rc.read.1.tlog
C:\Users\Kevin\Documents\Visual Studio 2012\Projects\playground\playground\Debug\link.456-rc.write.1.tlog
C:\Users\Kevin\Documents\Visual Studio 2012\Projects\playground\playground\Debug\link.456.read.1.tlog
C:\Users\Kevin\Documents\Visual Studio 2012\Projects\playground\playground\Debug\link.456.write.1.tlog
C:\Users\Kevin\Documents\Visual Studio 2012\Projects\playground\playground\Debug\link.4660-cvtres.read.1.tlog
C:\Users\Kevin\Documents\Visual Studio 2012\Projects\playground\playground\Debug\link.4660-cvtres.write.1.tlog
C:\Users\Kevin\Documents\Visual Studio 2012\Projects\playground\playground\Debug\link.4660-rc.read.1.tlog
C:\Users\Kevin\Documents\Visual Studio 2012\Projects\playground\playground\Debug\link.4660-rc.write.1.tlog
C:\Users\Kevin\Documents\Visual Studio 2012\Projects\playground\playground\Debug\link.4660.read.1.tlog
C:\Users\Kevin\Documents\Visual Studio 2012\Projects\playground\playground\Debug\link.4660.write.1.tlog
C:\Users\Kevin\Documents\Visual Studio 2012\Projects\playground\playground\Debug\link.4668-cvtres.read.1.tlog
C:\Users\Kevin\Documents\Visual Studio 2012\Projects\playground\playground\Debug\link.4668-cvtres.write.1.tlog
C:\Users\Kevin\Documents\Visual Studio 2012\Projects\playground\playground\Debug\link.4668-rc.read.1.tlog
C:\Users\Kevin\Documents\Visual Studio 2012\Projects\playground\playground\Debug\link.4668-rc.write.1.tlog
C:\Users\Kevin\Documents\Visual Studio 2012\Projects\playground\playground\Debug\link.4668.read.1.tlog
C:\Users\Kevin\Documents\Visual Studio 2012\Projects\playground\playground\Debug\link.4668.write.1.tlog
C:\Users\Kevin\Documents\Visual Studio 2012\Projects\playground\playground\Debug\link.4708-cvtres.read.1.tlog
C:\Users\Kevin\Documents\Visual Studio 2012\Projects\playground\playground\Debug\link.4708-cvtres.write.1.tlog
C:\Users\Kevin\Documents\Visual Studio 2012\Projects\playground\playground\Debug\link.4708-rc.read.1.tlog
C:\Users\Kevin\Documents\Visual Studio 2012\Projects\playground\playground\Debug\link.4708-rc.write.1.tlog
C:\Users\Kevin\Documents\Visual Studio 2012\Projects\playground\playground\Debug\link.4708.read.1.tlog
C:\Users\Kevin\Documents\Visual Studio 2012\Projects\playground\playground\Debug\link.4708.write.1.tlog
C:\Users\Kevin\Documents\Visual Studio 2012\Projects\playground\playground\Debug\link.4840-cvtres.read.1.tlog
C:\Users\Kevin\Documents\Visual Studio 2012\Projects\playground\playground\Debug\link.4840-cvtres.write.1.tlog
C:\Users\Kevin\Documents\Visual Studio 2012\Projects\playground\playground\Debug\link.4840-rc.read.1.tlog
C:\Users\Kevin\Documents\Visual Studio 2012\Projects\playground\playground\Debug\link.4840-rc.write.1.tlog
C:\Users\Kevin\Documents\Visual Studio 2012\Projects\playground\playground\Debug\link.4840.read.1.tlog
C:\Users\Kevin\Documents\Visual Studio 2012\Projects\playground\playground\Debug\link.4840.write.1.tlog
C:\Users\Kevin\Documents\Visual Studio 2012\Projects\playground\playground\Debug\link.5092-cvtres.read.1.tlog
C:\Users\Kevin\Documents\Visual Studio 2012\Projects\playground\playground\Debug\link.5092-cvtres.write.1.tlog
C:\Users\Kevin\Documents\Visual Studio 2012\Projects\playground\playground\Debug\link.5092-rc.read.1.tlog
C:\Users\Kevin\Documents\Visual Studio 2012\Projects\playground\playground\Debug\link.5092-rc.write.1.tlog
C:\Users\Kevin\Documents\Visual Studio 2012\Projects\playground\playground\Debug\link.5092.read.1.tlog
C:\Users\Kevin\Documents\Visual Studio 2012\Projects\playground\playground\Debug\link.5092.write.1.tlog
C:\Users\Kevin\Documents\Visual Studio 2012\Projects\playground\playground\Debug\link.5356-cvtres.read.1.tlog
C:\Users\Kevin\Documents\Visual Studio 2012\Projects\playground\playground\Debug\link.5356-cvtres.write.1.tlog
C:\Users\Kevin\Documents\Visual Studio 2012\Projects\playground\playground\Debug\link.5356-rc.read.1.tlog
C:\Users\Kevin\Documents\Visual Studio 2012\Projects\playground\playground\Debug\link.5356-rc.write.1.tlog
C:\Users\Kevin\Documents\Visual Studio 2012\Projects\playground\playground\Debug\link.5356.read.1.tlog
C:\Users\Kevin\Documents\Visual Studio 2012\Projects\playground\playground\Debug\link.5356.write.1.tlog
C:\Users\Kevin\Documents\Visual Studio 2012\Projects\playground\playground\Debug\link.5516-cvtres.read.1.tlog
C:\Users\Kevin\Documents\Visual Studio 2012\Projects\playground\playground\Debug\link.5516-cvtres.write.1.tlog
C:\Users\Kevin\Documents\Visual Studio 2012\Projects\playground\playground\Debug\link.5516-rc.read.1.tlog
C:\Users\Kevin\Documents\Visual Studio 2012\Projects\playground\playground\Debug\link.5516-rc.write.1.tlog
C:\Users\Kevin\Documents\Visual Studio 2012\Projects\playground\playground\Debug\link.5516.read.1.tlog
C:\Users\Kevin\Documents\Visual Studio 2012\Projects\playground\playground\Debug\link.5516.write.1.tlog
C:\Users\Kevin\Documents\Visual Studio 2012\Projects\playground\playground\Debug\link.5944-cvtres.read.1.tlog
C:\Users\Kevin\Documents\Visual Studio 2012\Projects\playground\playground\Debug\link.5944-cvtres.write.1.tlog
C:\Users\Kevin\Documents\Visual Studio 2012\Projects\playground\playground\Debug\link.5944-rc.read.1.tlog
C:\Users\Kevin\Documents\Visual Studio 2012\Projects\playground\playground\Debug\link.5944-rc.write.1.tlog
C:\Users\Kevin\Documents\Visual Studio 2012\Projects\playground\playground\Debug\link.5944.read.1.tlog
C:\Users\Kevin\Documents\Visual Studio 2012\Projects\playground\playground\Debug\link.5944.write.1.tlog
C:\Users\Kevin\Documents\Visual Studio 2012\Projects\playground\playground\Debug\link.5996-cvtres.read.1.tlog
C:\Users\Kevin\Documents\Visual Studio 2012\Projects\playground\playground\Debug\link.5996-cvtres.write.1.tlog
C:\Users\Kevin\Documents\Visual Studio 2012\Projects\playground\playground\Debug\link.5996-rc.read.1.tlog
C:\Users\Kevin\Documents\Visual Studio 2012\Projects\playground\playground\Debug\link.5996-rc.write.1.tlog
C:\Users\Kevin\Documents\Visual Studio 2012\Projects\playground\playground\Debug\link.5996.read.1.tlog
C:\Users\Kevin\Documents\Visual Studio 2012\Projects\playground\playground\Debug\link.5996.write.1.tlog
C:\Users\Kevin\Documents\Visual Studio 2012\Projects\playground\playground\Debug\link.6256-cvtres.read.1.tlog
C:\Users\Kevin\Documents\Visual Studio 2012\Projects\playground\playground\Debug\link.6256-cvtres.write.1.tlog
C:\Users\Kevin\Documents\Visual Studio 2012\Projects\playground\playground\Debug\link.6256-rc.read.1.tlog
C:\Users\Kevin\Documents\Visual Studio 2012\Projects\playground\playground\Debug\link.6256-rc.write.1.tlog
C:\Users\Kevin\Documents\Visual Studio 2012\Projects\playground\playground\Debug\link.6256.read.1.tlog
C:\Users\Kevin\Documents\Visual Studio 2012\Projects\playground\playground\Debug\link.6256.write.1.tlog
C:\Users\Kevin\Documents\Visual Studio 2012\Projects\playground\playground\Debug\link.6276-cvtres.read.1.tlog
C:\Users\Kevin\Documents\Visual Studio 2012\Projects\playground\playground\Debug\link.6276-cvtres.write.1.tlog
C:\Users\Kevin\Documents\Visual Studio 2012\Projects\playground\playground\Debug\link.6276-rc.read.1.tlog
C:\Users\Kevin\Documents\Visual Studio 2012\Projects\playground\playground\Debug\link.6276-rc.write.1.tlog
C:\Users\Kevin\Documents\Visual Studio 2012\Projects\playground\playground\Debug\link.6276.read.1.tlog
C:\Users\Kevin\Documents\Visual Studio 2012\Projects\playground\playground\Debug\link.6276.write.1.tlog
C:\Users\Kevin\Documents\Visual Studio 2012\Projects\playground\playground\Debug\link.6300-cvtres.read.1.tlog
C:\Users\Kevin\Documents\Visual Studio 2012\Projects\playground\playground\Debug\link.6300-cvtres.write.1.tlog
C:\Users\Kevin\Documents\Visual Studio 2012\Projects\playground\playground\Debug\link.6300-rc.read.1.tlog
C:\Users\Kevin\Documents\Visual Studio 2012\Projects\playground\playground\Debug\link.6300-rc.write.1.tlog
C:\Users\Kevin\Documents\Visual Studio 2012\Projects\playground\playground\Debug\link.6300.read.1.tlog
C:\Users\Kevin\Documents\Visual Studio 2012\Projects\playground\playground\Debug\link.6300.write.1.tlog
C:\Users\Kevin\Documents\Visual Studio 2012\Projects\playground\playground\Debug\link.6376-cvtres.read.1.tlog
C:\Users\Kevin\Documents\Visual Studio 2012\Projects\playground\playground\Debug\link.6376-cvtres.write.1.tlog
C:\Users\Kevin\Documents\Visual Studio 2012\Projects\playground\playground\Debug\link.6376-rc.read.1.tlog
C:\Users\Kevin\Documents\Visual Studio 2012\Projects\playground\playground\Debug\link.6376-rc.write.1.tlog
C:\Users\Kevin\Documents\Visual Studio 2012\Projects\playground\playground\Debug\link.6376.read.1.tlog
C:\Users\Kevin\Documents\Visual Studio 2012\Projects\playground\playground\Debug\link.6376.write.1.tlog
C:\Users\Kevin\Documents\Visual Studio 2012\Projects\playground\playground\Debug\link.6380-cvtres.read.1.tlog
C:\Users\Kevin\Documents\Visual Studio 2012\Projects\playground\playground\Debug\link.6380-cvtres.write.1.tlog
C:\Users\Kevin\Documents\Visual Studio 2012\Projects\playground\playground\Debug\link.6380-rc.read.1.tlog
C:\Users\Kevin\Documents\Visual Studio 2012\Projects\playground\playground\Debug\link.6380-rc.write.1.tlog
C:\Users\Kevin\Documents\Visual Studio 2012\Projects\playground\playground\Debug\link.6380.read.1.tlog
C:\Users\Kevin\Documents\Visual Studio 2012\Projects\playground\playground\Debug\link.6380.write.1.tlog
C:\Users\Kevin\Documents\Visual Studio 2012\Projects\playground\playground\Debug\link.6452-cvtres.read.1.tlog
C:\Users\Kevin\Documents\Visual Studio 2012\Projects\playground\playground\Debug\link.6452-cvtres.write.1.tlog
C:\Users\Kevin\Documents\Visual Studio 2012\Projects\playground\playground\Debug\link.6452-rc.read.1.tlog
C:\Users\Kevin\Documents\Visual Studio 2012\Projects\playground\playground\Debug\link.6452-rc.write.1.tlog
C:\Users\Kevin\Documents\Visual Studio 2012\Projects\playground\playground\Debug\link.6452.read.1.tlog
C:\Users\Kevin\Documents\Visual Studio 2012\Projects\playground\playground\Debug\link.6452.write.1.tlog
C:\Users\Kevin\Documents\Visual Studio 2012\Projects\playground\playground\Debug\link.6560-cvtres.read.1.tlog
C:\Users\Kevin\Documents\Visual Studio 2012\Projects\playground\playground\Debug\link.6560-cvtres.write.1.tlog
C:\Users\Kevin\Documents\Visual Studio 2012\Projects\playground\playground\Debug\link.6560-rc.read.1.tlog
C:\Users\Kevin\Documents\Visual Studio 2012\Projects\playground\playground\Debug\link.6560-rc.write.1.tlog
C:\Users\Kevin\Documents\Visual Studio 2012\Projects\playground\playground\Debug\link.6560.read.1.tlog
C:\Users\Kevin\Documents\Visual Studio 2012\Projects\playground\playground\Debug\link.6560.write.1.tlog
C:\Users\Kevin\Documents\Visual Studio 2012\Projects\playground\playground\Debug\link.6648-cvtres.read.1.tlog
C:\Users\Kevin\Documents\Visual Studio 2012\Projects\playground\playground\Debug\link.6648-cvtres.write.1.tlog
C:\Users\Kevin\Documents\Visual Studio 2012\Projects\playground\playground\Debug\link.6648-rc.read.1.tlog
C:\Users\Kevin\Documents\Visual Studio 2012\Projects\playground\playground\Debug\link.6648-rc.write.1.tlog
C:\Users\Kevin\Documents\Visual Studio 2012\Projects\playground\playground\Debug\link.6648.read.1.tlog
C:\Users\Kevin\Documents\Visual Studio 2012\Projects\playground\playground\Debug\link.6648.write.1.tlog
C:\Users\Kevin\Documents\Visual Studio 2012\Projects\playground\playground\Debug\link.6672-cvtres.read.1.tlog
C:\Users\Kevin\Documents\Visual Studio 2012\Projects\playground\playground\Debug\link.6672-cvtres.write.1.tlog
C:\Users\Kevin\Documents\Visual Studio 2012\Projects\playground\playground\Debug\link.6672-rc.read.1.tlog
C:\Users\Kevin\Documents\Visual Studio 2012\Projects\playground\playground\Debug\link.6672-rc.write.1.tlog
C:\Users\Kevin\Documents\Visual Studio 2012\Projects\playground\playground\Debug\link.6672.read.1.tlog
C:\Users\Kevin\Documents\Visual Studio 2012\Projects\playground\playground\Debug\link.6672.write.1.tlog
C:\Users\Kevin\Documents\Visual Studio 2012\Projects\playground\playground\Debug\link.6716-cvtres.read.1.tlog
C:\Users\Kevin\Documents\Visual Studio 2012\Projects\playground\playground\Debug\link.6716-cvtres.write.1.tlog
C:\Users\Kevin\Documents\Visual Studio 2012\Projects\playground\playground\Debug\link.6716-rc.read.1.tlog
C:\Users\Kevin\Documents\Visual Studio 2012\Projects\playground\playground\Debug\link.6716-rc.write.1.tlog
C:\Users\Kevin\Documents\Visual Studio 2012\Projects\playground\playground\Debug\link.6716.read.1.tlog
C:\Users\Kevin\Documents\Visual Studio 2012\Projects\playground\playground\Debug\link.6716.write.1.tlog
C:\Users\Kevin\Documents\Visual Studio 2012\Projects\playground\playground\Debug\link.6952-cvtres.read.1.tlog
C:\Users\Kevin\Documents\Visual Studio 2012\Projects\playground\playground\Debug\link.6952-cvtres.write.1.tlog
C:\Users\Kevin\Documents\Visual Studio 2012\Projects\playground\playground\Debug\link.6952-rc.read.1.tlog
C:\Users\Kevin\Documents\Visual Studio 2012\Projects\playground\playground\Debug\link.6952-rc.write.1.tlog
C:\Users\Kevin\Documents\Visual Studio 2012\Projects\playground\playground\Debug\link.6952.read.1.tlog
C:\Users\Kevin\Documents\Visual Studio 2012\Projects\playground\playground\Debug\link.6952.write.1.tlog
C:\Users\Kevin\Documents\Visual Studio 2012\Projects\playground\playground\Debug\link.7084-cvtres.read.1.tlog
C:\Users\Kevin\Documents\Visual Studio 2012\Projects\playground\playground\Debug\link.7084-cvtres.write.1.tlog
C:\Users\Kevin\Documents\Visual Studio 2012\Projects\playground\playground\Debug\link.7084-rc.read.1.tlog
C:\Users\Kevin\Documents\Visual Studio 2012\Projects\playground\playground\Debug\link.7084-rc.write.1.tlog
C:\Users\Kevin\Documents\Visual Studio 2012\Projects\playground\playground\Debug\link.7084.read.1.tlog
C:\Users\Kevin\Documents\Visual Studio 2012\Projects\playground\playground\Debug\link.7084.write.1.tlog
C:\Users\Kevin\Documents\Visual Studio 2012\Projects\playground\playground\Debug\link.7096-cvtres.read.1.tlog
C:\Users\Kevin\Documents\Visual Studio 2012\Projects\playground\playground\Debug\link.7096-cvtres.write.1.tlog
C:\Users\Kevin\Documents\Visual Studio 2012\Projects\playground\playground\Debug\link.7096-rc.read.1.tlog
C:\Users\Kevin\Documents\Visual Studio 2012\Projects\playground\playground\Debug\link.7096-rc.write.1.tlog
C:\Users\Kevin\Documents\Visual Studio 2012\Projects\playground\playground\Debug\link.7096.read.1.tlog
C:\Users\Kevin\Documents\Visual Studio 2012\Projects\playground\playground\Debug\link.7096.write.1.tlog
C:\Users\Kevin\Documents\Visual Studio 2012\Projects\playground\playground\Debug\link.7140-cvtres.read.1.tlog
C:\Users\Kevin\Documents\Visual Studio 2012\Projects\playground\playground\Debug\link.7140-cvtres.write.1.tlog
C:\Users\Kevin\Documents\Visual Studio 2012\Projects\playground\playground\Debug\link.7140-rc.read.1.tlog
C:\Users\Kevin\Documents\Visual Studio 2012\Projects\playground\playground\Debug\link.7140-rc.write.1.tlog
C:\Users\Kevin\Documents\Visual Studio 2012\Projects\playground\playground\Debug\link.7140.read.1.tlog
C:\Users\Kevin\Documents\Visual Studio 2012\Projects\playground\playground\Debug\link.7140.write.1.tlog
C:\Users\Kevin\Documents\Visual Studio 2012\Projects\playground\playground\Debug\link.command.1.tlog
C:\Users\Kevin\Documents\Visual Studio 2012\Projects\playground\playground\Debug\link.read.1.tlog
C:\Users\Kevin\Documents\Visual Studio 2012\Projects\playground\playground\Debug\link.read.3.tlog
C:\Users\Kevin\Documents\Visual Studio 2012\Projects\playground\playground\Debug\link.write.1.tlog
C:\Users\Kevin\Documents\Visual Studio 2012\Projects\playground\playground\Debug\playground.pch
C:\Users\Kevin\Documents\Visual Studio 2012\Projects\playground\playground\Debug\vc110.idb
C:\Users\Kevin\Documents\Visual Studio 2012\Projects\playground\playground\Debug\vc110.pdb
C:\Users\Kevin\Documents\Visual Studio 2012\Projects\playground\Debug\playground.pdb
C:\Users\Kevin\Documents\Visual Studio 2012\Projects\playground\Debug\playground.exe
C:\Users\Kevin\Documents\Visual Studio 2012\Projects\playground\Debug\playground.ilk
